{
  "cmd": [
    "/root/project/argosfs/target/debug/argosfs",
    "mkfs",
    "/root/project/argosfs/paper-data/runs/smoke/volume",
    "--force",
    "--disks",
    "6",
    "--k",
    "4",
    "--m",
    "2",
    "--chunk-size",
    "65536",
    "--compression",
    "zstd"
  ],
  "returncode": 0,
  "elapsed_sec": 0.1691544158384204,
  "stdout": "{\n  \"volume_uuid\": \"2431c980-1047-4d27-822a-9c9a7f8c1acc\",\n  \"txid\": 0,\n  \"files\": 0,\n  \"directories\": 1,\n  \"symlinks\": 0,\n  \"specials\": 0,\n  \"disks\": [\n    {\n      \"id\": \"disk-0000\",\n      \"status\": \"online\",\n      \"tier\": \"hot\",\n      \"weight\": 3.2482352516410073,\n      \"used_bytes\": 0,\n      \"capacity_bytes\": 959726878720,\n      \"available_bytes\": 959726878720,\n      \"class\": \"unknown\",\n      \"backing_device\": null,\n      \"rotational\": null,\n      \"read_latency_ewma_ms\": 0.990506,\n      \"write_latency_ewma_ms\": 1.031838,\n      \"observed_read_mib_s\": 1009.5849999899042,\n      \"observed_write_mib_s\": 969.1443811916212,\n      \"risk_score\": 0.0,\n      \"predicted_failure\": false,\n      \"reasons\": [],\n      \"health\": {\n        \"reallocated_sectors\": 0,\n        \"pending_sectors\": 0,\n        \"crc_errors\": 0,\n        \"io_errors\": 0,\n        \"latency_ms\": 0.0,\n        \"wear_percent\": 0.0,\n        \"temperature_c\": 30.0\n      }\n    },\n    {\n      \"id\": \"disk-0001\",\n      \"status\": \"online\",\n      \"tier\": \"hot\",\n      \"weight\": 3.5,\n      \"used_bytes\": 0,\n      \"capacity_bytes\": 959726878720,\n      \"available_bytes\": 959726878720,\n      \"class\": \"unknown\",\n      \"backing_device\": null,\n      \"rotational\": null,\n      \"read_latency_ewma_ms\": 0.620172,\n      \"write_latency_ewma_ms\": 0.932098,\n      \"observed_read_mib_s\": 1612.4558993311532,\n      \"observed_write_mib_s\": 1072.8485631339197,\n      \"risk_score\": 0.0,\n      \"predicted_failure\": false,\n      \"reasons\": [],\n      \"health\": {\n        \"reallocated_sectors\": 0,\n        \"pending_sectors\": 0,\n        \"crc_errors\": 0,\n        \"io_errors\": 0,\n        \"latency_ms\": 0.0,\n        \"wear_percent\": 0.0,\n        \"temperature_c\": 30.0\n      }\n    },\n    {\n      \"id\": \"disk-0002\",\n      \"status\": \"online\",\n      \"tier\": \"hot\",\n      \"weight\": 3.5,\n      \"used_bytes\": 0,\n      \"capacity_bytes\": 959726878720,\n      \"available_bytes\": 959726878720,\n      \"class\": \"unknown\",\n      \"backing_device\": null,\n      \"rotational\": null,\n      \"read_latency_ewma_ms\": 0.471319,\n      \"write_latency_ewma_ms\": 0.796481,\n      \"observed_read_mib_s\": 2121.705256949115,\n      \"observed_write_mib_s\": 1255.5227306112763,\n      \"risk_score\": 0.0,\n      \"predicted_failure\": false,\n      \"reasons\": [],\n      \"health\": {\n        \"reallocated_sectors\": 0,\n        \"pending_sectors\": 0,\n        \"crc_errors\": 0,\n        \"io_errors\": 0,\n        \"latency_ms\": 0.0,\n        \"wear_percent\": 0.0,\n        \"temperature_c\": 30.0\n      }\n    },\n    {\n      \"id\": \"disk-0003\",\n      \"status\": \"online\",\n      \"tier\": \"hot\",\n      \"weight\": 3.5,\n      \"used_bytes\": 0,\n      \"capacity_bytes\": 959726878720,\n      \"available_bytes\": 959726878720,\n      \"class\": \"unknown\",\n      \"backing_device\": null,\n      \"rotational\": null,\n      \"read_latency_ewma_ms\": 0.451398,\n      \"write_latency_ewma_ms\": 0.818936,\n      \"observed_read_mib_s\": 2215.339899600796,\n      \"observed_write_mib_s\": 1221.096642472672,\n      \"risk_score\": 0.0,\n      \"predicted_failure\": false,\n      \"reasons\": [],\n      \"health\": {\n        \"reallocated_sectors\": 0,\n        \"pending_sectors\": 0,\n        \"crc_errors\": 0,\n        \"io_errors\": 0,\n        \"latency_ms\": 0.0,\n        \"wear_percent\": 0.0,\n        \"temperature_c\": 30.0\n      }\n    },\n    {\n      \"id\": \"disk-0004\",\n      \"status\": \"online\",\n      \"tier\": \"hot\",\n      \"weight\": 3.5,\n      \"used_bytes\": 0,\n      \"capacity_bytes\": 959726878720,\n      \"available_bytes\": 959726878720,\n      \"class\": \"unknown\",\n      \"backing_device\": null,\n      \"rotational\": null,\n      \"read_latency_ewma_ms\": 0.451734,\n      \"write_latency_ewma_ms\": 0.8104790000000001,\n      \"observed_read_mib_s\": 2213.692128553529,\n      \"observed_write_mib_s\": 1233.8382610777082,\n      \"risk_score\": 0.0,\n      \"predicted_failure\": false,\n      \"reasons\": [],\n      \"health\": {\n        \"reallocated_sectors\": 0,\n        \"pending_sectors\": 0,\n        \"crc_errors\": 0,\n        \"io_errors\": 0,\n        \"latency_ms\": 0.0,\n        \"wear_percent\": 0.0,\n        \"temperature_c\": 30.0\n      }\n    },\n    {\n      \"id\": \"disk-0005\",\n      \"status\": \"online\",\n      \"tier\": \"hot\",\n      \"weight\": 3.5,\n      \"used_bytes\": 0,\n      \"capacity_bytes\": 959726878720,\n      \"available_bytes\": 959726878720,\n      \"class\": \"unknown\",\n      \"backing_device\": null,\n      \"rotational\": null,\n      \"read_latency_ewma_ms\": 0.461665,\n      \"write_latency_ewma_ms\": 0.787759,\n      \"observed_read_mib_s\": 2166.0728017068654,\n      \"observed_write_mib_s\": 1269.4237704678717,\n      \"risk_score\": 0.0,\n      \"predicted_failure\": false,\n      \"reasons\": [],\n      \"health\": {\n        \"reallocated_sectors\": 0,\n        \"pending_sectors\": 0,\n        \"crc_errors\": 0,\n        \"io_errors\": 0,\n        \"latency_ms\": 0.0,\n        \"wear_percent\": 0.0,\n        \"temperature_c\": 30.0\n      }\n    }\n  ],\n  \"cache\": {\n    \"hit_ratio\": 0.0,\n    \"hits\": 0,\n    \"l2_hits\": 0,\n    \"l2_writes\": 0,\n    \"memory_bytes\": 0,\n    \"memory_items\": 0,\n    \"misses\": 0\n  }\n}\n",
  "stderr": ""
}
