{
  "cmd": [
    "/root/project/argosfs/target/debug/argosfs",
    "mkfs",
    "/root/project/argosfs/paper-data/runs/recovery/volume",
    "--force",
    "--disks",
    "6",
    "--k",
    "4",
    "--m",
    "2",
    "--chunk-size",
    "65536",
    "--compression",
    "zstd"
  ],
  "returncode": 0,
  "elapsed_sec": 0.2056836229749024,
  "stdout": "{\n  \"volume_uuid\": \"821464d7-0819-47cd-a126-f8a5a9e3b909\",\n  \"txid\": 0,\n  \"files\": 0,\n  \"directories\": 1,\n  \"symlinks\": 0,\n  \"specials\": 0,\n  \"disks\": [\n    {\n      \"id\": \"disk-0000\",\n      \"status\": \"online\",\n      \"tier\": \"hot\",\n      \"weight\": 3.5,\n      \"used_bytes\": 0,\n      \"capacity_bytes\": 959726878720,\n      \"available_bytes\": 959726878720,\n      \"class\": \"unknown\",\n      \"backing_device\": null,\n      \"rotational\": null,\n      \"numa_node\": null,\n      \"read_latency_ewma_ms\": 0.59326,\n      \"write_latency_ewma_ms\": 0.955913,\n      \"observed_read_mib_s\": 1685.6015912079022,\n      \"observed_write_mib_s\": 1046.1203059274224,\n      \"risk_score\": 0.0,\n      \"predicted_failure\": false,\n      \"reasons\": [],\n      \"health\": {\n        \"reallocated_sectors\": 0,\n        \"pending_sectors\": 0,\n        \"crc_errors\": 0,\n        \"io_errors\": 0,\n        \"latency_ms\": 0.0,\n        \"wear_percent\": 0.0,\n        \"temperature_c\": 30.0\n      }\n    },\n    {\n      \"id\": \"disk-0001\",\n      \"status\": \"online\",\n      \"tier\": \"hot\",\n      \"weight\": 3.5,\n      \"used_bytes\": 0,\n      \"capacity_bytes\": 959726878720,\n      \"available_bytes\": 959726878720,\n      \"class\": \"unknown\",\n      \"backing_device\": null,\n      \"rotational\": null,\n      \"numa_node\": null,\n      \"read_latency_ewma_ms\": 0.5033620000000001,\n      \"write_latency_ewma_ms\": 0.8296479999999999,\n      \"observed_read_mib_s\": 1986.6418203996327,\n      \"observed_write_mib_s\": 1205.3304533971034,\n      \"risk_score\": 0.0,\n      \"predicted_failure\": false,\n      \"reasons\": [],\n      \"health\": {\n        \"reallocated_sectors\": 0,\n        \"pending_sectors\": 0,\n        \"crc_errors\": 0,\n        \"io_errors\": 0,\n        \"latency_ms\": 0.0,\n        \"wear_percent\": 0.0,\n        \"temperature_c\": 30.0\n      }\n    },\n    {\n      \"id\": \"disk-0002\",\n      \"status\": \"online\",\n      \"tier\": \"hot\",\n      \"weight\": 3.5,\n      \"used_bytes\": 0,\n      \"capacity_bytes\": 959726878720,\n      \"available_bytes\": 959726878720,\n      \"class\": \"unknown\",\n      \"backing_device\": null,\n      \"rotational\": null,\n      \"numa_node\": null,\n      \"read_latency_ewma_ms\": 0.48664,\n      \"write_latency_ewma_ms\": 0.914196,\n      \"observed_read_mib_s\": 2054.9071181982576,\n      \"observed_write_mib_s\": 1093.8573347509723,\n      \"risk_score\": 0.0,\n      \"predicted_failure\": false,\n      \"reasons\": [],\n      \"health\": {\n        \"reallocated_sectors\": 0,\n        \"pending_sectors\": 0,\n        \"crc_errors\": 0,\n        \"io_errors\": 0,\n        \"latency_ms\": 0.0,\n        \"wear_percent\": 0.0,\n        \"temperature_c\": 30.0\n      }\n    },\n    {\n      \"id\": \"disk-0003\",\n      \"status\": \"online\",\n      \"tier\": \"hot\",\n      \"weight\": 3.5,\n      \"used_bytes\": 0,\n      \"capacity_bytes\": 959726878720,\n      \"available_bytes\": 959726878720,\n      \"class\": \"unknown\",\n      \"backing_device\": null,\n      \"rotational\": null,\n      \"numa_node\": null,\n      \"read_latency_ewma_ms\": 0.468404,\n      \"write_latency_ewma_ms\": 0.8298249999999999,\n      \"observed_read_mib_s\": 2134.909180963442,\n      \"observed_write_mib_s\": 1205.0733588407195,\n      \"risk_score\": 0.0,\n      \"predicted_failure\": false,\n      \"reasons\": [],\n      \"health\": {\n        \"reallocated_sectors\": 0,\n        \"pending_sectors\": 0,\n        \"crc_errors\": 0,\n        \"io_errors\": 0,\n        \"latency_ms\": 0.0,\n        \"wear_percent\": 0.0,\n        \"temperature_c\": 30.0\n      }\n    },\n    {\n      \"id\": \"disk-0004\",\n      \"status\": \"online\",\n      \"tier\": \"hot\",\n      \"weight\": 3.5,\n      \"used_bytes\": 0,\n      \"capacity_bytes\": 959726878720,\n      \"available_bytes\": 959726878720,\n      \"class\": \"unknown\",\n      \"backing_device\": null,\n      \"rotational\": null,\n      \"numa_node\": null,\n      \"read_latency_ewma_ms\": 0.449237,\n      \"write_latency_ewma_ms\": 0.810615,\n      \"observed_read_mib_s\": 2225.996522993431,\n      \"observed_write_mib_s\": 1233.6312552814838,\n      \"risk_score\": 0.0,\n      \"predicted_failure\": false,\n      \"reasons\": [],\n      \"health\": {\n        \"reallocated_sectors\": 0,\n        \"pending_sectors\": 0,\n        \"crc_errors\": 0,\n        \"io_errors\": 0,\n        \"latency_ms\": 0.0,\n        \"wear_percent\": 0.0,\n        \"temperature_c\": 30.0\n      }\n    },\n    {\n      \"id\": \"disk-0005\",\n      \"status\": \"online\",\n      \"tier\": \"hot\",\n      \"weight\": 3.5,\n      \"used_bytes\": 0,\n      \"capacity_bytes\": 959726878720,\n      \"available_bytes\": 959726878720,\n      \"class\": \"unknown\",\n      \"backing_device\": null,\n      \"rotational\": null,\n      \"numa_node\": null,\n      \"read_latency_ewma_ms\": 0.49203,\n      \"write_latency_ewma_ms\": 0.846892,\n      \"observed_read_mib_s\": 2032.3963985935816,\n      \"observed_write_mib_s\": 1180.7881052129433,\n      \"risk_score\": 0.0,\n      \"predicted_failure\": false,\n      \"reasons\": [],\n      \"health\": {\n        \"reallocated_sectors\": 0,\n        \"pending_sectors\": 0,\n        \"crc_errors\": 0,\n        \"io_errors\": 0,\n        \"latency_ms\": 0.0,\n        \"wear_percent\": 0.0,\n        \"temperature_c\": 30.0\n      }\n    }\n  ],\n  \"cache\": {\n    \"hit_ratio\": 0.0,\n    \"hits\": 0,\n    \"l2_hits\": 0,\n    \"l2_writes\": 0,\n    \"memory_bytes\": 0,\n    \"memory_items\": 0,\n    \"misses\": 0\n  },\n  \"io_mode\": \"buffered\",\n  \"encryption_enabled\": false\n}\n",
  "stderr": ""
}
