{
  "cmd": [
    "/root/project/argosfs/target/debug/argosfs",
    "mkfs",
    "/root/project/argosfs/paper-data/runs/advanced/volume",
    "--force",
    "--disks",
    "6",
    "--k",
    "4",
    "--m",
    "2",
    "--chunk-size",
    "65536",
    "--compression",
    "zstd"
  ],
  "returncode": 0,
  "elapsed_sec": 0.17750488920137286,
  "stdout": "{\n  \"volume_uuid\": \"41b57e7c-a913-4891-aa79-bc345733855d\",\n  \"txid\": 0,\n  \"files\": 0,\n  \"directories\": 1,\n  \"symlinks\": 0,\n  \"specials\": 0,\n  \"disks\": [\n    {\n      \"id\": \"disk-0000\",\n      \"status\": \"online\",\n      \"tier\": \"hot\",\n      \"weight\": 3.5,\n      \"used_bytes\": 0,\n      \"capacity_bytes\": 959726878720,\n      \"available_bytes\": 959726878720,\n      \"class\": \"unknown\",\n      \"backing_device\": null,\n      \"rotational\": null,\n      \"numa_node\": null,\n      \"read_latency_ewma_ms\": 0.607788,\n      \"write_latency_ewma_ms\": 1.10558,\n      \"observed_read_mib_s\": 1645.310535910548,\n      \"observed_write_mib_s\": 904.5026140125544,\n      \"risk_score\": 0.0,\n      \"predicted_failure\": false,\n      \"reasons\": [],\n      \"health\": {\n        \"reallocated_sectors\": 0,\n        \"pending_sectors\": 0,\n        \"crc_errors\": 0,\n        \"io_errors\": 0,\n        \"latency_ms\": 0.0,\n        \"wear_percent\": 0.0,\n        \"temperature_c\": 30.0\n      }\n    },\n    {\n      \"id\": \"disk-0001\",\n      \"status\": \"online\",\n      \"tier\": \"hot\",\n      \"weight\": 3.5,\n      \"used_bytes\": 0,\n      \"capacity_bytes\": 959726878720,\n      \"available_bytes\": 959726878720,\n      \"class\": \"unknown\",\n      \"backing_device\": null,\n      \"rotational\": null,\n      \"numa_node\": null,\n      \"read_latency_ewma_ms\": 0.476051,\n      \"write_latency_ewma_ms\": 0.934493,\n      \"observed_read_mib_s\": 2100.615270212645,\n      \"observed_write_mib_s\": 1070.0989734540549,\n      \"risk_score\": 0.0,\n      \"predicted_failure\": false,\n      \"reasons\": [],\n      \"health\": {\n        \"reallocated_sectors\": 0,\n        \"pending_sectors\": 0,\n        \"crc_errors\": 0,\n        \"io_errors\": 0,\n        \"latency_ms\": 0.0,\n        \"wear_percent\": 0.0,\n        \"temperature_c\": 30.0\n      }\n    },\n    {\n      \"id\": \"disk-0002\",\n      \"status\": \"online\",\n      \"tier\": \"hot\",\n      \"weight\": 3.5,\n      \"used_bytes\": 0,\n      \"capacity_bytes\": 959726878720,\n      \"available_bytes\": 959726878720,\n      \"class\": \"unknown\",\n      \"backing_device\": null,\n      \"rotational\": null,\n      \"numa_node\": null,\n      \"read_latency_ewma_ms\": 0.474809,\n      \"write_latency_ewma_ms\": 0.834578,\n      \"observed_read_mib_s\": 2106.110035824932,\n      \"observed_write_mib_s\": 1198.2103530167342,\n      \"risk_score\": 0.0,\n      \"predicted_failure\": false,\n      \"reasons\": [],\n      \"health\": {\n        \"reallocated_sectors\": 0,\n        \"pending_sectors\": 0,\n        \"crc_errors\": 0,\n        \"io_errors\": 0,\n        \"latency_ms\": 0.0,\n        \"wear_percent\": 0.0,\n        \"temperature_c\": 30.0\n      }\n    },\n    {\n      \"id\": \"disk-0003\",\n      \"status\": \"online\",\n      \"tier\": \"hot\",\n      \"weight\": 3.5,\n      \"used_bytes\": 0,\n      \"capacity_bytes\": 959726878720,\n      \"available_bytes\": 959726878720,\n      \"class\": \"unknown\",\n      \"backing_device\": null,\n      \"rotational\": null,\n      \"numa_node\": null,\n      \"read_latency_ewma_ms\": 0.451221,\n      \"write_latency_ewma_ms\": 0.78886,\n      \"observed_read_mib_s\": 2216.208908716571,\n      \"observed_write_mib_s\": 1267.652054863981,\n      \"risk_score\": 0.0,\n      \"predicted_failure\": false,\n      \"reasons\": [],\n      \"health\": {\n        \"reallocated_sectors\": 0,\n        \"pending_sectors\": 0,\n        \"crc_errors\": 0,\n        \"io_errors\": 0,\n        \"latency_ms\": 0.0,\n        \"wear_percent\": 0.0,\n        \"temperature_c\": 30.0\n      }\n    },\n    {\n      \"id\": \"disk-0004\",\n      \"status\": \"online\",\n      \"tier\": \"hot\",\n      \"weight\": 3.226617932254356,\n      \"used_bytes\": 0,\n      \"capacity_bytes\": 959726878720,\n      \"available_bytes\": 959726878720,\n      \"class\": \"unknown\",\n      \"backing_device\": null,\n      \"rotational\": null,\n      \"numa_node\": null,\n      \"read_latency_ewma_ms\": 1.131946,\n      \"write_latency_ewma_ms\": 0.926157,\n      \"observed_read_mib_s\": 883.4343687773091,\n      \"observed_write_mib_s\": 1079.7305424458273,\n      \"risk_score\": 0.0,\n      \"predicted_failure\": false,\n      \"reasons\": [],\n      \"health\": {\n        \"reallocated_sectors\": 0,\n        \"pending_sectors\": 0,\n        \"crc_errors\": 0,\n        \"io_errors\": 0,\n        \"latency_ms\": 0.0,\n        \"wear_percent\": 0.0,\n        \"temperature_c\": 30.0\n      }\n    },\n    {\n      \"id\": \"disk-0005\",\n      \"status\": \"online\",\n      \"tier\": \"hot\",\n      \"weight\": 3.388140369380896,\n      \"used_bytes\": 0,\n      \"capacity_bytes\": 959726878720,\n      \"available_bytes\": 959726878720,\n      \"class\": \"unknown\",\n      \"backing_device\": null,\n      \"rotational\": null,\n      \"numa_node\": null,\n      \"read_latency_ewma_ms\": 1.021208,\n      \"write_latency_ewma_ms\": 0.908902,\n      \"observed_read_mib_s\": 979.2324384454488,\n      \"observed_write_mib_s\": 1100.2286275087963,\n      \"risk_score\": 0.0,\n      \"predicted_failure\": false,\n      \"reasons\": [],\n      \"health\": {\n        \"reallocated_sectors\": 0,\n        \"pending_sectors\": 0,\n        \"crc_errors\": 0,\n        \"io_errors\": 0,\n        \"latency_ms\": 0.0,\n        \"wear_percent\": 0.0,\n        \"temperature_c\": 30.0\n      }\n    }\n  ],\n  \"cache\": {\n    \"hit_ratio\": 0.0,\n    \"hits\": 0,\n    \"l2_hits\": 0,\n    \"l2_writes\": 0,\n    \"memory_bytes\": 0,\n    \"memory_items\": 0,\n    \"misses\": 0\n  },\n  \"io_mode\": \"buffered\",\n  \"encryption_enabled\": false\n}\n",
  "stderr": ""
}
